Apr-26 11:04:46.495 [main] DEBUG nextflow.cli.Launcher - $> nextflow run main.nf --input barcode09.10.fastq -profile conda -resume
Apr-26 11:04:46.605 [main] INFO  nextflow.cli.CmdRun - N E X T F L O W  ~  version 23.10.0
Apr-26 11:04:46.639 [main] DEBUG nextflow.plugin.PluginsFacade - Setting up plugin manager > mode=prod; embedded=false; plugins-dir=/home/codespace/.nextflow/plugins; core-plugins: nf-amazon@2.1.4,nf-azure@1.3.2,nf-cloudcache@0.3.0,nf-codecommit@0.1.5,nf-console@1.0.6,nf-ga4gh@1.1.0,nf-google@1.8.3,nf-tower@1.6.3,nf-wave@1.0.0
Apr-26 11:04:46.652 [main] INFO  o.pf4j.DefaultPluginStatusProvider - Enabled plugins: []
Apr-26 11:04:46.654 [main] INFO  o.pf4j.DefaultPluginStatusProvider - Disabled plugins: []
Apr-26 11:04:46.660 [main] INFO  org.pf4j.DefaultPluginManager - PF4J version 3.4.1 in 'deployment' mode
Apr-26 11:04:46.677 [main] INFO  org.pf4j.AbstractPluginManager - No plugins
Apr-26 11:04:46.704 [main] DEBUG nextflow.config.ConfigBuilder - Found config local: /workspaces/nanopore-bacterial-pipeline/nextflow.config
Apr-26 11:04:46.708 [main] DEBUG nextflow.config.ConfigBuilder - Parsing config file: /workspaces/nanopore-bacterial-pipeline/nextflow.config
Apr-26 11:04:46.733 [main] DEBUG nextflow.config.ConfigBuilder - Applying config profile: `conda`
Apr-26 11:04:47.541 [main] DEBUG nextflow.config.ConfigBuilder - Available config profiles: [standard, conda]
Apr-26 11:04:47.579 [main] DEBUG nextflow.cli.CmdRun - Applied DSL=2 by global default
Apr-26 11:04:47.599 [main] INFO  nextflow.cli.CmdRun - Launching `main.nf` [amazing_wozniak] DSL2 - revision: 0f37d45f06
Apr-26 11:04:47.599 [main] DEBUG nextflow.plugin.PluginsFacade - Plugins default=[]
Apr-26 11:04:47.599 [main] DEBUG nextflow.plugin.PluginsFacade - Plugins resolved requirement=[]
Apr-26 11:04:47.613 [main] DEBUG n.secret.LocalSecretsProvider - Secrets store: /home/codespace/.nextflow/secrets/store.json
Apr-26 11:04:47.618 [main] DEBUG nextflow.secret.SecretsLoader - Discovered secrets providers: [nextflow.secret.LocalSecretsProvider@67064bdc] - activable => nextflow.secret.LocalSecretsProvider@67064bdc
Apr-26 11:04:47.681 [main] DEBUG nextflow.Session - Session UUID: 007e78ea-e403-4bb9-8330-f355a7870c6a
Apr-26 11:04:47.682 [main] DEBUG nextflow.Session - Run name: amazing_wozniak
Apr-26 11:04:47.682 [main] DEBUG nextflow.Session - Executor pool size: 4
Apr-26 11:04:47.690 [main] DEBUG nextflow.file.FilePorter - File porter settings maxRetries=3; maxTransfers=50; pollTimeout=null
Apr-26 11:04:47.695 [main] DEBUG nextflow.util.ThreadPoolBuilder - Creating thread pool 'FileTransfer' minSize=10; maxSize=12; workQueue=LinkedBlockingQueue[10000]; allowCoreThreadTimeout=false
Apr-26 11:04:47.722 [main] DEBUG nextflow.cli.CmdRun - 
  Version: 23.10.0 build 5889
  Created: 15-10-2023 15:07 UTC 
  System: Linux 6.8.0-1044-azure
  Runtime: Groovy 3.0.19 on OpenJDK 64-Bit Server VM 17.0.3-internal+0-adhoc..src
  Encoding: UTF-8 (UTF-8)
  Process: 31741@codespaces-49938b [127.0.0.1]
  CPUs: 4 - Mem: 15.6 GB (723.7 MB) - Swap: 0 (0)
Apr-26 11:04:47.757 [main] DEBUG nextflow.Session - Work-dir: /workspaces/nanopore-bacterial-pipeline/work [ext2/ext3]
Apr-26 11:04:47.757 [main] DEBUG nextflow.Session - Script base path does not exist or is not a directory: /workspaces/nanopore-bacterial-pipeline/bin
Apr-26 11:04:47.768 [main] DEBUG nextflow.executor.ExecutorFactory - Extension executors providers=[]
Apr-26 11:04:47.784 [main] DEBUG nextflow.Session - Observer factory: DefaultObserverFactory
Apr-26 11:04:47.818 [main] DEBUG nextflow.cache.CacheFactory - Using Nextflow cache factory: nextflow.cache.DefaultCacheFactory
Apr-26 11:04:47.829 [main] DEBUG nextflow.util.CustomThreadPool - Creating default thread pool > poolSize: 5; maxThreads: 1000
Apr-26 11:04:47.976 [main] DEBUG nextflow.Session - Session start
Apr-26 11:04:48.322 [main] DEBUG nextflow.script.ScriptRunner - > Launching execution
Apr-26 11:04:48.765 [main] WARN  nextflow.script.ScriptBinding - Access to undefined parameter `help` -- Initialise it to a default value eg. `params.help = some_value`
Apr-26 11:04:48.766 [main] WARN  nextflow.script.ScriptBinding - Access to undefined parameter `version` -- Initialise it to a default value eg. `params.version = some_value`
Apr-26 11:04:48.813 [main] INFO  nextflow.Nextflow - 
    ============================================================
    Phage-Bacteria Metagenomic Pipeline
    Dataset: 38phages_SaSt (38 phages + Staphylococcus/Streptococcus)
    ============================================================
    
    Input FASTQ      : barcode09.10.fastq
    Output directory : /workspaces/nanopore-bacterial-pipeline/results
    Genome size      : 3m
    
    Starting pipeline...
    
Apr-26 11:04:48.815 [main] INFO  nextflow.Nextflow - [1/10] Running NanoPlot QC on raw reads...
Apr-26 11:04:48.861 [main] DEBUG nextflow.script.ProcessConfig - Config settings `withName:NANOPLOT` matches process NANOPLOT
Apr-26 11:04:48.871 [main] DEBUG nextflow.executor.ExecutorFactory - << taskConfig executor: local
Apr-26 11:04:48.871 [main] DEBUG nextflow.executor.ExecutorFactory - >> processorType: 'local'
Apr-26 11:04:48.876 [main] DEBUG nextflow.executor.Executor - [warm up] executor > local
Apr-26 11:04:48.880 [main] DEBUG n.processor.LocalPollingMonitor - Creating local task monitor for executor 'local' > cpus=4; memory=15.6 GB; capacity=4; pollInterval=100ms; dumpInterval=5m
Apr-26 11:04:48.882 [main] DEBUG n.processor.TaskPollingMonitor - >>> barrier register (monitor: local)
Apr-26 11:04:48.947 [main] INFO  nextflow.Nextflow - [2/10] Trimming adapters with Porechop...
Apr-26 11:04:48.949 [main] DEBUG nextflow.script.ProcessConfig - Config settings `withName:PORECHOP` matches process PORECHOP
Apr-26 11:04:48.951 [main] DEBUG nextflow.executor.ExecutorFactory - << taskConfig executor: local
Apr-26 11:04:48.951 [main] DEBUG nextflow.executor.ExecutorFactory - >> processorType: 'local'
Apr-26 11:04:48.953 [main] INFO  nextflow.Nextflow - [3/10] Filtering reads with Chopper...
Apr-26 11:04:48.956 [main] DEBUG nextflow.script.ProcessConfig - Config settings `withName:CHOPPER` matches process CHOPPER
Apr-26 11:04:48.958 [main] DEBUG nextflow.executor.ExecutorFactory - << taskConfig executor: local
Apr-26 11:04:48.958 [main] DEBUG nextflow.executor.ExecutorFactory - >> processorType: 'local'
Apr-26 11:04:48.962 [main] DEBUG nextflow.script.ProcessConfig - Config settings `withName:FLYE` matches process FLYE
Apr-26 11:04:48.963 [main] DEBUG nextflow.executor.ExecutorFactory - << taskConfig executor: local
Apr-26 11:04:48.964 [main] DEBUG nextflow.executor.ExecutorFactory - >> processorType: 'local'
Apr-26 11:04:48.967 [main] DEBUG nextflow.script.ProcessConfig - Config settings `withName:MEDAKA` matches process MEDAKA
Apr-26 11:04:48.968 [main] DEBUG nextflow.executor.ExecutorFactory - << taskConfig executor: local
Apr-26 11:04:48.968 [main] DEBUG nextflow.executor.ExecutorFactory - >> processorType: 'local'
Apr-26 11:04:48.973 [main] DEBUG nextflow.script.ProcessConfig - Config settings `withName:QUAST` matches process QUAST
Apr-26 11:04:48.974 [main] DEBUG nextflow.executor.ExecutorFactory - << taskConfig executor: local
Apr-26 11:04:48.974 [main] DEBUG nextflow.executor.ExecutorFactory - >> processorType: 'local'
Apr-26 11:04:48.978 [main] DEBUG nextflow.script.ProcessConfig - Config settings `withName:PHANOTATE` matches process PHANOTATE
Apr-26 11:04:48.979 [main] DEBUG nextflow.executor.ExecutorFactory - << taskConfig executor: local
Apr-26 11:04:48.979 [main] DEBUG nextflow.executor.ExecutorFactory - >> processorType: 'local'
Apr-26 11:04:48.984 [main] DEBUG nextflow.script.ProcessConfig - Config settings `withName:BLAST_ANNOTATION` matches process BLAST_ANNOTATION
Apr-26 11:04:48.984 [main] DEBUG nextflow.executor.ExecutorFactory - << taskConfig executor: local
Apr-26 11:04:48.985 [main] DEBUG nextflow.executor.ExecutorFactory - >> processorType: 'local'
Apr-26 11:04:48.988 [main] INFO  nextflow.Nextflow - [9/10] Generating MultiQC report...
Apr-26 11:04:49.062 [main] DEBUG nextflow.script.ProcessConfig - Config settings `withName:MULTIQC` matches process MULTIQC
Apr-26 11:04:49.064 [main] DEBUG nextflow.executor.ExecutorFactory - << taskConfig executor: local
Apr-26 11:04:49.064 [main] DEBUG nextflow.executor.ExecutorFactory - >> processorType: 'local'
Apr-26 11:04:49.068 [main] INFO  nextflow.Nextflow - 
    ============================================================
    PIPELINE COMPLETE
    ============================================================
    
    Results saved to: /workspaces/nanopore-bacterial-pipeline/results
    
    - QC Report:        /workspaces/nanopore-bacterial-pipeline/results/NANOPLOT/
    - Trimmed reads:    /workspaces/nanopore-bacterial-pipeline/results/PORECHOP/
    - Filtered reads:   /workspaces/nanopore-bacterial-pipeline/results/CHOPPER/
    - Assembly:         /workspaces/nanopore-bacterial-pipeline/results/FLYE/
    - Polished:         /workspaces/nanopore-bacterial-pipeline/results/MEDAKA/
    - Assembly QC:      /workspaces/nanopore-bacterial-pipeline/results/QUAST/
    - Gene prediction:  /workspaces/nanopore-bacterial-pipeline/results/PHANOTATE/
    - Functional annotation: /workspaces/nanopore-bacterial-pipeline/results/BLAST/
    - Final report:     /workspaces/nanopore-bacterial-pipeline/results/MULTIQC/
    
    ============================================================
    
Apr-26 11:04:49.070 [main] DEBUG nextflow.Session - Workflow process names [dsl2]: FLYE, QUAST, MULTIQC, CHOPPER, BLAST_ANNOTATION, MEDAKA, PORECHOP, NANOPLOT, PHANOTATE
Apr-26 11:04:49.075 [main] DEBUG nextflow.Session - Igniting dataflow network (11)
Apr-26 11:04:49.084 [main] DEBUG nextflow.processor.TaskProcessor - Starting process > NANOPLOT
Apr-26 11:04:49.087 [main] DEBUG nextflow.processor.TaskProcessor - Starting process > PORECHOP
Apr-26 11:04:49.087 [main] DEBUG nextflow.processor.TaskProcessor - Starting process > CHOPPER
Apr-26 11:04:49.090 [main] DEBUG nextflow.processor.TaskProcessor - Starting process > FLYE
Apr-26 11:04:49.090 [main] DEBUG nextflow.processor.TaskProcessor - Starting process > MEDAKA
Apr-26 11:04:49.090 [main] DEBUG nextflow.processor.TaskProcessor - Starting process > QUAST
Apr-26 11:04:49.090 [main] DEBUG nextflow.processor.TaskProcessor - Starting process > PHANOTATE
Apr-26 11:04:49.091 [main] DEBUG nextflow.processor.TaskProcessor - Starting process > BLAST_ANNOTATION
Apr-26 11:04:49.092 [main] DEBUG nextflow.processor.TaskProcessor - Starting process > MULTIQC
Apr-26 11:04:49.097 [main] DEBUG nextflow.script.ScriptRunner - Parsed script files:
  Script_bd716506c5057f08: /workspaces/nanopore-bacterial-pipeline/./modules/local/quast.nf
  Script_6306e4319f003ccf: /workspaces/nanopore-bacterial-pipeline/./modules/local/phanotate.nf
  Script_206a5914007d24e4: /workspaces/nanopore-bacterial-pipeline/./modules/local/flye.nf
  Script_57059ddddb46c4b6: /workspaces/nanopore-bacterial-pipeline/./modules/local/nanoplot.nf
  Script_16a552ce34bb2c47: /workspaces/nanopore-bacterial-pipeline/./modules/local/multiqc.nf
  Script_ef6b6e1cb29d3fcf: /workspaces/nanopore-bacterial-pipeline/./modules/local/medaka.nf
  Script_658022514ebfb18b: /workspaces/nanopore-bacterial-pipeline/./modules/local/porechop.nf
  Script_4cf2c362f2bad2a8: /workspaces/nanopore-bacterial-pipeline/main.nf
  Script_9601dc20dffa1e61: /workspaces/nanopore-bacterial-pipeline/./modules/local/chopper.nf
  Script_51692d7739c4bde9: /workspaces/nanopore-bacterial-pipeline/./modules/local/blast_annotation.nf
Apr-26 11:04:49.097 [main] DEBUG nextflow.script.ScriptRunner - > Awaiting termination 
Apr-26 11:04:49.097 [main] DEBUG nextflow.Session - Session await
Apr-26 11:04:49.307 [Actor Thread 3] INFO  nextflow.processor.TaskProcessor - [56/10bc34] Cached process > NANOPLOT (NanoPlot)
Apr-26 11:04:49.308 [Actor Thread 2] INFO  nextflow.processor.TaskProcessor - [51/a888f6] Cached process > PORECHOP (Porechop)
Apr-26 11:04:49.369 [Actor Thread 8] INFO  nextflow.processor.TaskProcessor - [04/dad96d] Cached process > CHOPPER (Chopper)
Apr-26 11:04:49.376 [Actor Thread 2] DEBUG nextflow.util.ThreadPoolBuilder - Creating thread pool 'PublishDir' minSize=10; maxSize=12; workQueue=LinkedBlockingQueue[10000]; allowCoreThreadTimeout=false
Apr-26 11:04:49.391 [Actor Thread 6] INFO  nextflow.processor.TaskProcessor - [1a/b7e140] Cached process > FLYE (Flye)
Apr-26 11:04:49.419 [Actor Thread 1] INFO  nextflow.processor.TaskProcessor - [84/6d8798] Cached process > MEDAKA (Medaka)
Apr-26 11:04:49.440 [Actor Thread 6] INFO  nextflow.processor.TaskProcessor - [79/19c3d9] Cached process > QUAST (QUAST)
Apr-26 11:04:49.491 [Task submitter] DEBUG n.executor.local.LocalTaskHandler - Launch cmd line: /bin/bash -ue .command.run
Apr-26 11:04:49.494 [Task submitter] INFO  nextflow.Session - [85/866eec] Submitted process > PHANOTATE (PHANOTATE)
Apr-26 11:05:46.337 [Task monitor] DEBUG n.processor.TaskPollingMonitor - Task completed > TaskHandler[id: 7; name: PHANOTATE (PHANOTATE); status: COMPLETED; exit: 0; error: -; workDir: /workspaces/nanopore-bacterial-pipeline/work/85/866eeca26bdab6705bc95d6614d17a]
Apr-26 11:05:46.352 [Task submitter] DEBUG n.executor.local.LocalTaskHandler - Launch cmd line: /bin/bash -ue .command.run
Apr-26 11:05:46.357 [Task submitter] INFO  nextflow.Session - [3d/9c6d45] Submitted process > MULTIQC (MultiQC)
Apr-26 11:05:48.955 [Task monitor] DEBUG n.processor.TaskPollingMonitor - Task completed > TaskHandler[id: 8; name: MULTIQC (MultiQC); status: COMPLETED; exit: 0; error: -; workDir: /workspaces/nanopore-bacterial-pipeline/work/3d/9c6d45bf9bfc9133daec925fca7aae]
Apr-26 11:05:48.963 [Task submitter] DEBUG n.executor.local.LocalTaskHandler - Launch cmd line: /bin/bash -ue .command.run
Apr-26 11:05:48.964 [Task submitter] INFO  nextflow.Session - [ef/80076a] Submitted process > BLAST_ANNOTATION (BlastAnnotation)
Apr-26 11:05:51.063 [Task monitor] DEBUG n.processor.TaskPollingMonitor - Task completed > TaskHandler[id: 9; name: BLAST_ANNOTATION (BlastAnnotation); status: COMPLETED; exit: 0; error: -; workDir: /workspaces/nanopore-bacterial-pipeline/work/ef/80076a815803cb9734946da38f0b92]
Apr-26 11:05:51.066 [main] DEBUG nextflow.Session - Session await > all processes finished
Apr-26 11:05:51.067 [Task monitor] DEBUG n.processor.TaskPollingMonitor - <<< barrier arrives (monitor: local) - terminating tasks monitor poll loop
Apr-26 11:05:51.067 [main] DEBUG nextflow.Session - Session await > all barriers passed
Apr-26 11:05:51.070 [main] DEBUG nextflow.util.ThreadPoolManager - Thread pool 'PublishDir' shutdown completed (hard=false)
Apr-26 11:05:51.070 [main] INFO  nextflow.Nextflow - Pipeline completed successfully!
Apr-26 11:05:51.073 [main] DEBUG n.trace.WorkflowStatsObserver - Workflow completed > WorkflowStats[succeededCount=3; failedCount=0; ignoredCount=0; cachedCount=6; pendingCount=0; submittedCount=0; runningCount=0; retriesCount=0; abortedCount=0; succeedDuration=4m 5s; failedDuration=0ms; cachedDuration=1h 37m 43s;loadCpus=0; loadMemory=0; peakRunning=1; peakCpus=4; peakMemory=8 GB; ]
Apr-26 11:05:51.137 [main] DEBUG nextflow.cache.CacheDB - Closing CacheDB done
Apr-26 11:05:51.147 [main] DEBUG nextflow.util.ThreadPoolManager - Thread pool 'FileTransfer' shutdown completed (hard=false)
Apr-26 11:05:51.148 [main] DEBUG nextflow.script.ScriptRunner - > Execution complete -- Goodbye
